#
# There is insufficient memory for the Java Runtime Environment to continue.
# Native memory allocation (malloc) failed to allocate 131088 bytes for Chunk::new
# Possible reasons:
#   The system is out of physical RAM or swap space
#   The process is running with CompressedOops enabled, and the Java Heap may be blocking the growth of the native heap
# Possible solutions:
#   Reduce memory load on the system
#   Increase physical memory or swap space
#   Check if swap backing store is full
#   Decrease Java heap size (-Xmx/-Xms)
#   Decrease number of Java threads
#   Decrease Java thread stack sizes (-Xss)
#   Set larger code cache with -XX:ReservedCodeCacheSize=
#   JVM is running with Unscaled Compressed Oops mode in which the Java heap is
#     placed in the first 4GB address space. The Java Heap base address is the
#     maximum limit for the native heap growth. Please use -XX:HeapBaseMinAddress
#     to set the Java Heap base and to place the Java Heap above 4GB virtual address.
# This output file may be truncated or incomplete.
#
#  Out of Memory Error (arena.cpp:184), pid=28700, tid=10920
#
# JRE version: Java(TM) SE Runtime Environment (20.0.1+9) (build 20.0.1+9-29)
# Java VM: Java HotSpot(TM) 64-Bit Server VM (20.0.1+9-29, mixed mode, sharing, tiered, compressed oops, compressed class ptrs, g1 gc, windows-amd64)
# No core dump will be written. Minidumps are not enabled by default on client versions of Windows
#

---------------  S U M M A R Y ------------

Command Line: -Dfile.encoding=UTF-8 --module-path=C:\Users\Ploy\OneDrive\à´Ê¡ì·çÍ»\popo\poject\checkout\build\classes Main

Host: Intel(R) Core(TM) i5-8265U CPU @ 1.60GHz, 8 cores, 7G,  Windows 11 , 64 bit Build 22621 (10.0.22621.1485)
Time: Sun May 14 15:55:25 2023 SE Asia Standard Time elapsed time: 1344.922841 seconds (0d 0h 22m 24s)

---------------  T H R E A D  ---------------

Current thread (0x000001abfdd291f0):  JavaThread "C2 CompilerThread0" daemon [_thread_in_native, id=10920, stack(0x00000072fa300000,0x00000072fa400000)]


Current CompileTask:
C2:1344922 2244   !   4       java.awt.EventQueue::getNextEvent (84 bytes)

Stack: [0x00000072fa300000,0x00000072fa400000]
Native frames: (J=compiled Java code, j=interpreted, Vv=VM code, C=native code)
V  [jvm.dll+0x6bb95a]
V  [jvm.dll+0x8485fa]
V  [jvm.dll+0x84a1f5]
V  [jvm.dll+0x84a8f3]
V  [jvm.dll+0x280b0f]
V  [jvm.dll+0xc2b11]
V  [jvm.dll+0xc2e35]
V  [jvm.dll+0xc2c34]
V  [jvm.dll+0x6deb5a]
V  [jvm.dll+0x24c637]
V  [jvm.dll+0x24a549]
V  [jvm.dll+0x1ce491]
V  [jvm.dll+0x259e1b]
V  [jvm.dll+0x2584f0]
V  [jvm.dll+0x3f2895]
V  [jvm.dll+0x7f4b56]
V  [jvm.dll+0x6ba5cb]
C  [ucrtbase.dll+0x29363]
C  [KERNEL32.DLL+0x1269d]
C  [ntdll.dll+0x5a9f8]


---------------  P R O C E S S  ---------------

Threads class SMR info:
_java_thread_list=0x000001ab9c367750, length=16, elements={
0x000001abfdd19ce0, 0x000001abfdd1a620, 0x000001abfdd1ea50, 0x000001abfdd1ff90,
0x000001abfdd22a10, 0x000001abfdd204e0, 0x000001abfdd291f0, 0x000001abfdd33340,
0x000001abfdd22f60, 0x000001abfdd1fa40, 0x000001abfdd20a30, 0x000001abfdd214d0,
0x000001abfdd21a20, 0x000001abfdd20f80, 0x000001abfdd21f70, 0x000001ab9b327a00
}

Java Threads: ( => current thread )
  0x000001abfdd19ce0 JavaThread "Reference Handler" daemon [_thread_blocked, id=10236, stack(0x00000072f9d00000,0x00000072f9e00000)]
  0x000001abfdd1a620 JavaThread "Finalizer" daemon [_thread_blocked, id=21152, stack(0x00000072f9e00000,0x00000072f9f00000)]
  0x000001abfdd1ea50 JavaThread "Signal Dispatcher" daemon [_thread_blocked, id=20240, stack(0x00000072f9f00000,0x00000072fa000000)]
  0x000001abfdd1ff90 JavaThread "Attach Listener" daemon [_thread_blocked, id=26348, stack(0x00000072fa000000,0x00000072fa100000)]
  0x000001abfdd22a10 JavaThread "Service Thread" daemon [_thread_blocked, id=10604, stack(0x00000072fa100000,0x00000072fa200000)]
  0x000001abfdd204e0 JavaThread "Monitor Deflation Thread" daemon [_thread_blocked, id=22536, stack(0x00000072fa200000,0x00000072fa300000)]
=>0x000001abfdd291f0 JavaThread "C2 CompilerThread0" daemon [_thread_in_native, id=10920, stack(0x00000072fa300000,0x00000072fa400000)]
  0x000001abfdd33340 JavaThread "C1 CompilerThread0" daemon [_thread_blocked, id=24416, stack(0x00000072fa400000,0x00000072fa500000)]
  0x000001abfdd22f60 JavaThread "Common-Cleaner" daemon [_thread_blocked, id=21304, stack(0x00000072fa500000,0x00000072fa600000)]
  0x000001abfdd1fa40 JavaThread "Notification Thread" daemon [_thread_blocked, id=12580, stack(0x00000072fa600000,0x00000072fa700000)]
  0x000001abfdd20a30 JavaThread "Java2D Disposer" daemon [_thread_blocked, id=27716, stack(0x00000072fa800000,0x00000072fa900000)]
  0x000001abfdd214d0 JavaThread "AWT-Shutdown" [_thread_blocked, id=16164, stack(0x00000072fa900000,0x00000072faa00000)]
  0x000001abfdd21a20 JavaThread "AWT-Windows" daemon [_thread_in_native, id=27132, stack(0x00000072faa00000,0x00000072fab00000)]
  0x000001abfdd20f80 JavaThread "AWT-EventQueue-0" [_thread_blocked, id=25464, stack(0x00000072fac00000,0x00000072fad00000)]
  0x000001abfdd21f70 JavaThread "DestroyJavaVM" [_thread_blocked, id=18240, stack(0x00000072f9600000,0x00000072f9700000)]
  0x000001ab9b327a00 JavaThread "TimerQueue" daemon [_thread_blocked, id=25456, stack(0x00000072fb800000,0x00000072fb900000)]

Other Threads:
  0x000001abfdcfcc10 VMThread "VM Thread" [stack: 0x00000072f9c00000,0x00000072f9d00000] [id=29604]
  0x000001ab9b35cda0 WatcherThread "VM Periodic Task Thread" [stack: 0x00000072fa700000,0x00000072fa800000] [id=25408]
  0x000001abf83f9b30 WorkerThread "GC Thread#0" [stack: 0x00000072f9700000,0x00000072f9800000] [id=12176]
  0x000001ab9c6ae0d0 WorkerThread "GC Thread#1" [stack: 0x00000072fb100000,0x00000072fb200000] [id=19204]
  0x000001ab9c6ad860 WorkerThread "GC Thread#2" [stack: 0x00000072fb200000,0x00000072fb300000] [id=6676]
  0x000001ab9c6ae940 WorkerThread "GC Thread#3" [stack: 0x00000072fb300000,0x00000072fb400000] [id=8748]
  0x000001ab9c6ae3a0 WorkerThread "GC Thread#4" [stack: 0x00000072fb400000,0x00000072fb500000] [id=24348]
  0x000001ab9c6adb30 WorkerThread "GC Thread#5" [stack: 0x00000072fb500000,0x00000072fb600000] [id=20456]
  0x000001ab9c6ade00 WorkerThread "GC Thread#6" [stack: 0x00000072fb600000,0x00000072fb700000] [id=21300]
  0x000001ab9c6aec10 WorkerThread "GC Thread#7" [stack: 0x00000072fb700000,0x00000072fb800000] [id=26264]
  0x000001abf840a450 ConcurrentGCThread "G1 Main Marker" [stack: 0x00000072f9800000,0x00000072f9900000] [id=28744]
  0x000001abf840af90 WorkerThread "G1 Conc#0" [stack: 0x00000072f9900000,0x00000072f9a00000] [id=10876]
  0x000001abfdbb9470 ConcurrentGCThread "G1 Refine#0" [stack: 0x00000072f9a00000,0x00000072f9b00000] [id=17232]
  0x000001abfdbbabd0 ConcurrentGCThread "G1 Service" [stack: 0x00000072f9b00000,0x00000072f9c00000] [id=9328]

Threads with active compile tasks:
C2 CompilerThread0  1344971 2244   !   4       java.awt.EventQueue::getNextEvent (84 bytes)

VM state: not at safepoint (normal execution)

VM Mutex/Monitor currently owned by a thread: None

Heap address: 0x0000000082400000, size: 2012 MB, Compressed Oops mode: 32-bit

CDS archive(s) mapped at: [0x0000000800000000-0x0000000800c60000-0x0000000800c60000), size 12976128, SharedBaseAddress: 0x0000000800000000, ArchiveRelocationMode: 0.
Compressed class space mapped at: 0x0000000801000000-0x0000000841000000, reserved size: 1073741824
Narrow klass base: 0x0000000800000000, Narrow klass shift: 0, Narrow klass range: 0x100000000

GC Precious Log:
 CardTable entry size: 512
 Card Set container configuration: InlinePtr #cards 5 size 8 Array Of Cards #cards 12 size 40 Howl #buckets 4 coarsen threshold 1843 Howl Bitmap #cards 512 size 80 coarsen threshold 460 Card regions per heap region 1 cards per card region 2048
 CPUs: 8 total, 8 available
 Memory: 8043M
 Large Page Support: Disabled
 NUMA Support: Disabled
 Compressed Oops: Enabled (32-bit)
 Heap Region Size: 1M
 Heap Min Capacity: 8M
 Heap Initial Capacity: 126M
 Heap Max Capacity: 2012M
 Pre-touch: Disabled
 Parallel Workers: 8
 Concurrent Workers: 2
 Concurrent Refinement Workers: 8
 Periodic GC: Disabled

Heap:
 garbage-first heap   total 129024K, used 34274K [0x0000000082400000, 0x0000000100000000)
  region size 1024K, 22 young (22528K), 3 survivors (3072K)
 Metaspace       used 10247K, committed 10432K, reserved 1114112K
  class space    used 1056K, committed 1152K, reserved 1048576K

Heap Regions: E=young(eden), S=young(survivor), O=old, HS=humongous(starts), HC=humongous(continues), CS=collection set, F=free, OA=open archive, CA=closed archive, TAMS=top-at-mark-start, PB=parsable bottom
|   0|0x0000000082400000, 0x0000000082500000, 0x0000000082500000|100%|HS|  |TAMS 0x0000000082400000| PB 0x0000000082400000| Complete 
|   1|0x0000000082500000, 0x0000000082600000, 0x0000000082600000|100%|HC|  |TAMS 0x0000000082500000| PB 0x0000000082500000| Complete 
|   2|0x0000000082600000, 0x0000000082700000, 0x0000000082700000|100%|HC|  |TAMS 0x0000000082600000| PB 0x0000000082600000| Complete 
|   3|0x0000000082700000, 0x0000000082800000, 0x0000000082800000|100%|HC|  |TAMS 0x0000000082700000| PB 0x0000000082700000| Complete 
|   4|0x0000000082800000, 0x0000000082900000, 0x0000000082900000|100%|HS|  |TAMS 0x0000000082800000| PB 0x0000000082800000| Complete 
|   5|0x0000000082900000, 0x0000000082a00000, 0x0000000082a00000|100%|HC|  |TAMS 0x0000000082900000| PB 0x0000000082900000| Complete 
|   6|0x0000000082a00000, 0x0000000082b00000, 0x0000000082b00000|100%|HC|  |TAMS 0x0000000082a00000| PB 0x0000000082a00000| Complete 
|   7|0x0000000082b00000, 0x0000000082c00000, 0x0000000082c00000|100%|HC|  |TAMS 0x0000000082b00000| PB 0x0000000082b00000| Complete 
|   8|0x0000000082c00000, 0x0000000082d00000, 0x0000000082d00000|100%|HC|  |TAMS 0x0000000082c00000| PB 0x0000000082c00000| Complete 
|   9|0x0000000082d00000, 0x0000000082e00000, 0x0000000082e00000|100%|HC|  |TAMS 0x0000000082d00000| PB 0x0000000082d00000| Complete 
|  10|0x0000000082e00000, 0x0000000082f00000, 0x0000000082f00000|100%|HC|  |TAMS 0x0000000082e00000| PB 0x0000000082e00000| Complete 
|  11|0x0000000082f00000, 0x0000000083000000, 0x0000000083000000|100%|HC|  |TAMS 0x0000000082f00000| PB 0x0000000082f00000| Complete 
|  12|0x0000000083000000, 0x0000000083078800, 0x0000000083100000| 47%| O|  |TAMS 0x0000000083000000| PB 0x0000000083000000| Untracked 
|  13|0x0000000083100000, 0x0000000083100000, 0x0000000083200000|  0%| F|  |TAMS 0x0000000083100000| PB 0x0000000083100000| Untracked 
|  14|0x0000000083200000, 0x0000000083200000, 0x0000000083300000|  0%| F|  |TAMS 0x0000000083200000| PB 0x0000000083200000| Untracked 
|  15|0x0000000083300000, 0x0000000083300000, 0x0000000083400000|  0%| F|  |TAMS 0x0000000083300000| PB 0x0000000083300000| Untracked 
|  16|0x0000000083400000, 0x0000000083400000, 0x0000000083500000|  0%| F|  |TAMS 0x0000000083400000| PB 0x0000000083400000| Untracked 
|  17|0x0000000083500000, 0x0000000083500000, 0x0000000083600000|  0%| F|  |TAMS 0x0000000083500000| PB 0x0000000083500000| Untracked 
|  18|0x0000000083600000, 0x0000000083600000, 0x0000000083700000|  0%| F|  |TAMS 0x0000000083600000| PB 0x0000000083600000| Untracked 
|  19|0x0000000083700000, 0x0000000083700000, 0x0000000083800000|  0%| F|  |TAMS 0x0000000083700000| PB 0x0000000083700000| Untracked 
|  20|0x0000000083800000, 0x0000000083800000, 0x0000000083900000|  0%| F|  |TAMS 0x0000000083800000| PB 0x0000000083800000| Untracked 
|  21|0x0000000083900000, 0x0000000083900000, 0x0000000083a00000|  0%| F|  |TAMS 0x0000000083900000| PB 0x0000000083900000| Untracked 
|  22|0x0000000083a00000, 0x0000000083a00000, 0x0000000083b00000|  0%| F|  |TAMS 0x0000000083a00000| PB 0x0000000083a00000| Untracked 
|  23|0x0000000083b00000, 0x0000000083b00000, 0x0000000083c00000|  0%| F|  |TAMS 0x0000000083b00000| PB 0x0000000083b00000| Untracked 
|  24|0x0000000083c00000, 0x0000000083c00000, 0x0000000083d00000|  0%| F|  |TAMS 0x0000000083c00000| PB 0x0000000083c00000| Untracked 
|  25|0x0000000083d00000, 0x0000000083d00000, 0x0000000083e00000|  0%| F|  |TAMS 0x0000000083d00000| PB 0x0000000083d00000| Untracked 
|  26|0x0000000083e00000, 0x0000000083e00000, 0x0000000083f00000|  0%| F|  |TAMS 0x0000000083e00000| PB 0x0000000083e00000| Untracked 
|  27|0x0000000083f00000, 0x0000000083f00000, 0x0000000084000000|  0%| F|  |TAMS 0x0000000083f00000| PB 0x0000000083f00000| Untracked 
|  28|0x0000000084000000, 0x0000000084000000, 0x0000000084100000|  0%| F|  |TAMS 0x0000000084000000| PB 0x0000000084000000| Untracked 
|  29|0x0000000084100000, 0x0000000084100000, 0x0000000084200000|  0%| F|  |TAMS 0x0000000084100000| PB 0x0000000084100000| Untracked 
|  30|0x0000000084200000, 0x0000000084200000, 0x0000000084300000|  0%| F|  |TAMS 0x0000000084200000| PB 0x0000000084200000| Untracked 
|  31|0x0000000084300000, 0x0000000084300000, 0x0000000084400000|  0%| F|  |TAMS 0x0000000084300000| PB 0x0000000084300000| Untracked 
|  32|0x0000000084400000, 0x0000000084400000, 0x0000000084500000|  0%| F|  |TAMS 0x0000000084400000| PB 0x0000000084400000| Untracked 
|  33|0x0000000084500000, 0x0000000084500000, 0x0000000084600000|  0%| F|  |TAMS 0x0000000084500000| PB 0x0000000084500000| Untracked 
|  34|0x0000000084600000, 0x0000000084600000, 0x0000000084700000|  0%| F|  |TAMS 0x0000000084600000| PB 0x0000000084600000| Untracked 
|  35|0x0000000084700000, 0x0000000084700000, 0x0000000084800000|  0%| F|  |TAMS 0x0000000084700000| PB 0x0000000084700000| Untracked 
|  36|0x0000000084800000, 0x0000000084800000, 0x0000000084900000|  0%| F|  |TAMS 0x0000000084800000| PB 0x0000000084800000| Untracked 
|  37|0x0000000084900000, 0x0000000084900000, 0x0000000084a00000|  0%| F|  |TAMS 0x0000000084900000| PB 0x0000000084900000| Untracked 
|  38|0x0000000084a00000, 0x0000000084a00000, 0x0000000084b00000|  0%| F|  |TAMS 0x0000000084a00000| PB 0x0000000084a00000| Untracked 
|  39|0x0000000084b00000, 0x0000000084b00000, 0x0000000084c00000|  0%| F|  |TAMS 0x0000000084b00000| PB 0x0000000084b00000| Untracked 
|  40|0x0000000084c00000, 0x0000000084c00000, 0x0000000084d00000|  0%| F|  |TAMS 0x0000000084c00000| PB 0x0000000084c00000| Untracked 
|  41|0x0000000084d00000, 0x0000000084d00000, 0x0000000084e00000|  0%| F|  |TAMS 0x0000000084d00000| PB 0x0000000084d00000| Untracked 
|  42|0x0000000084e00000, 0x0000000084e00000, 0x0000000084f00000|  0%| F|  |TAMS 0x0000000084e00000| PB 0x0000000084e00000| Untracked 
|  43|0x0000000084f00000, 0x0000000084f00000, 0x0000000085000000|  0%| F|  |TAMS 0x0000000084f00000| PB 0x0000000084f00000| Untracked 
|  44|0x0000000085000000, 0x0000000085000000, 0x0000000085100000|  0%| F|  |TAMS 0x0000000085000000| PB 0x0000000085000000| Untracked 
|  45|0x0000000085100000, 0x0000000085100000, 0x0000000085200000|  0%| F|  |TAMS 0x0000000085100000| PB 0x0000000085100000| Untracked 
|  46|0x0000000085200000, 0x0000000085200000, 0x0000000085300000|  0%| F|  |TAMS 0x0000000085200000| PB 0x0000000085200000| Untracked 
|  47|0x0000000085300000, 0x0000000085300000, 0x0000000085400000|  0%| F|  |TAMS 0x0000000085300000| PB 0x0000000085300000| Untracked 
|  48|0x0000000085400000, 0x0000000085400000, 0x0000000085500000|  0%| F|  |TAMS 0x0000000085400000| PB 0x0000000085400000| Untracked 
|  49|0x0000000085500000, 0x0000000085500000, 0x0000000085600000|  0%| F|  |TAMS 0x0000000085500000| PB 0x0000000085500000| Untracked 
|  50|0x0000000085600000, 0x0000000085600000, 0x0000000085700000|  0%| F|  |TAMS 0x0000000085600000| PB 0x0000000085600000| Untracked 
|  51|0x0000000085700000, 0x0000000085700000, 0x0000000085800000|  0%| F|  |TAMS 0x0000000085700000| PB 0x0000000085700000| Untracked 
|  52|0x0000000085800000, 0x0000000085800000, 0x0000000085900000|  0%| F|  |TAMS 0x0000000085800000| PB 0x0000000085800000| Untracked 
|  53|0x0000000085900000, 0x0000000085900000, 0x0000000085a00000|  0%| F|  |TAMS 0x0000000085900000| PB 0x0000000085900000| Untracked 
|  54|0x0000000085a00000, 0x0000000085a00000, 0x0000000085b00000|  0%| F|  |TAMS 0x0000000085a00000| PB 0x0000000085a00000| Untracked 
|  55|0x0000000085b00000, 0x0000000085b00000, 0x0000000085c00000|  0%| F|  |TAMS 0x0000000085b00000| PB 0x0000000085b00000| Untracked 
|  56|0x0000000085c00000, 0x0000000085c00000, 0x0000000085d00000|  0%| F|  |TAMS 0x0000000085c00000| PB 0x0000000085c00000| Untracked 
|  57|0x0000000085d00000, 0x0000000085d00000, 0x0000000085e00000|  0%| F|  |TAMS 0x0000000085d00000| PB 0x0000000085d00000| Untracked 
|  58|0x0000000085e00000, 0x0000000085e00000, 0x0000000085f00000|  0%| F|  |TAMS 0x0000000085e00000| PB 0x0000000085e00000| Untracked 
|  59|0x0000000085f00000, 0x0000000085f00000, 0x0000000086000000|  0%| F|  |TAMS 0x0000000085f00000| PB 0x0000000085f00000| Untracked 
|  60|0x0000000086000000, 0x0000000086000000, 0x0000000086100000|  0%| F|  |TAMS 0x0000000086000000| PB 0x0000000086000000| Untracked 
|  61|0x0000000086100000, 0x0000000086100000, 0x0000000086200000|  0%| F|  |TAMS 0x0000000086100000| PB 0x0000000086100000| Untracked 
|  62|0x0000000086200000, 0x0000000086200000, 0x0000000086300000|  0%| F|  |TAMS 0x0000000086200000| PB 0x0000000086200000| Untracked 
|  63|0x0000000086300000, 0x0000000086300000, 0x0000000086400000|  0%| F|  |TAMS 0x0000000086300000| PB 0x0000000086300000| Untracked 
|  64|0x0000000086400000, 0x0000000086400000, 0x0000000086500000|  0%| F|  |TAMS 0x0000000086400000| PB 0x0000000086400000| Untracked 
|  65|0x0000000086500000, 0x0000000086500000, 0x0000000086600000|  0%| F|  |TAMS 0x0000000086500000| PB 0x0000000086500000| Untracked 
|  66|0x0000000086600000, 0x0000000086600000, 0x0000000086700000|  0%| F|  |TAMS 0x0000000086600000| PB 0x0000000086600000| Untracked 
|  67|0x0000000086700000, 0x0000000086700000, 0x0000000086800000|  0%| F|  |TAMS 0x0000000086700000| PB 0x0000000086700000| Untracked 
|  68|0x0000000086800000, 0x0000000086800000, 0x0000000086900000|  0%| F|  |TAMS 0x0000000086800000| PB 0x0000000086800000| Untracked 
|  69|0x0000000086900000, 0x0000000086900000, 0x0000000086a00000|  0%| F|  |TAMS 0x0000000086900000| PB 0x0000000086900000| Untracked 
|  70|0x0000000086a00000, 0x0000000086a00000, 0x0000000086b00000|  0%| F|  |TAMS 0x0000000086a00000| PB 0x0000000086a00000| Untracked 
|  71|0x0000000086b00000, 0x0000000086b00000, 0x0000000086c00000|  0%| F|  |TAMS 0x0000000086b00000| PB 0x0000000086b00000| Untracked 
|  72|0x0000000086c00000, 0x0000000086c00000, 0x0000000086d00000|  0%| F|  |TAMS 0x0000000086c00000| PB 0x0000000086c00000| Untracked 
|  73|0x0000000086d00000, 0x0000000086d00000, 0x0000000086e00000|  0%| F|  |TAMS 0x0000000086d00000| PB 0x0000000086d00000| Untracked 
|  74|0x0000000086e00000, 0x0000000086e00000, 0x0000000086f00000|  0%| F|  |TAMS 0x0000000086e00000| PB 0x0000000086e00000| Untracked 
|  75|0x0000000086f00000, 0x0000000086f00000, 0x0000000087000000|  0%| F|  |TAMS 0x0000000086f00000| PB 0x0000000086f00000| Untracked 
|  76|0x0000000087000000, 0x0000000087000000, 0x0000000087100000|  0%| F|  |TAMS 0x0000000087000000| PB 0x0000000087000000| Untracked 
|  77|0x0000000087100000, 0x0000000087100000, 0x0000000087200000|  0%| F|  |TAMS 0x0000000087100000| PB 0x0000000087100000| Untracked 
|  78|0x0000000087200000, 0x0000000087200000, 0x0000000087300000|  0%| F|  |TAMS 0x0000000087200000| PB 0x0000000087200000| Untracked 
|  79|0x0000000087300000, 0x0000000087300000, 0x0000000087400000|  0%| F|  |TAMS 0x0000000087300000| PB 0x0000000087300000| Untracked 
|  80|0x0000000087400000, 0x0000000087400000, 0x0000000087500000|  0%| F|  |TAMS 0x0000000087400000| PB 0x0000000087400000| Untracked 
|  81|0x0000000087500000, 0x0000000087500000, 0x0000000087600000|  0%| F|  |TAMS 0x0000000087500000| PB 0x0000000087500000| Untracked 
|  82|0x0000000087600000, 0x0000000087600000, 0x0000000087700000|  0%| F|  |TAMS 0x0000000087600000| PB 0x0000000087600000| Untracked 
|  83|0x0000000087700000, 0x0000000087700000, 0x0000000087800000|  0%| F|  |TAMS 0x0000000087700000| PB 0x0000000087700000| Untracked 
|  84|0x0000000087800000, 0x0000000087800000, 0x0000000087900000|  0%| F|  |TAMS 0x0000000087800000| PB 0x0000000087800000| Untracked 
|  85|0x0000000087900000, 0x0000000087900000, 0x0000000087a00000|  0%| F|  |TAMS 0x0000000087900000| PB 0x0000000087900000| Untracked 
|  86|0x0000000087a00000, 0x0000000087a00000, 0x0000000087b00000|  0%| F|  |TAMS 0x0000000087a00000| PB 0x0000000087a00000| Untracked 
|  87|0x0000000087b00000, 0x0000000087b00000, 0x0000000087c00000|  0%| F|  |TAMS 0x0000000087b00000| PB 0x0000000087b00000| Untracked 
|  88|0x0000000087c00000, 0x0000000087c00000, 0x0000000087d00000|  0%| F|  |TAMS 0x0000000087c00000| PB 0x0000000087c00000| Untracked 
|  89|0x0000000087d00000, 0x0000000087d00000, 0x0000000087e00000|  0%| F|  |TAMS 0x0000000087d00000| PB 0x0000000087d00000| Untracked 
|  90|0x0000000087e00000, 0x0000000087e00000, 0x0000000087f00000|  0%| F|  |TAMS 0x0000000087e00000| PB 0x0000000087e00000| Untracked 
|  91|0x0000000087f00000, 0x0000000087f00000, 0x0000000088000000|  0%| F|  |TAMS 0x0000000087f00000| PB 0x0000000087f00000| Untracked 
|  92|0x0000000088000000, 0x0000000088000000, 0x0000000088100000|  0%| F|  |TAMS 0x0000000088000000| PB 0x0000000088000000| Untracked 
|  93|0x0000000088100000, 0x0000000088100000, 0x0000000088200000|  0%| F|  |TAMS 0x0000000088100000| PB 0x0000000088100000| Untracked 
|  94|0x0000000088200000, 0x0000000088200000, 0x0000000088300000|  0%| F|  |TAMS 0x0000000088200000| PB 0x0000000088200000| Untracked 
|  95|0x0000000088300000, 0x0000000088300000, 0x0000000088400000|  0%| F|  |TAMS 0x0000000088300000| PB 0x0000000088300000| Untracked 
|  96|0x0000000088400000, 0x0000000088400000, 0x0000000088500000|  0%| F|  |TAMS 0x0000000088400000| PB 0x0000000088400000| Untracked 
|  97|0x0000000088500000, 0x0000000088500000, 0x0000000088600000|  0%| F|  |TAMS 0x0000000088500000| PB 0x0000000088500000| Untracked 
|  98|0x0000000088600000, 0x0000000088600000, 0x0000000088700000|  0%| F|  |TAMS 0x0000000088600000| PB 0x0000000088600000| Untracked 
|  99|0x0000000088700000, 0x0000000088700000, 0x0000000088800000|  0%| F|  |TAMS 0x0000000088700000| PB 0x0000000088700000| Untracked 
| 100|0x0000000088800000, 0x0000000088900000, 0x0000000088900000|100%| S|CS|TAMS 0x0000000088800000| PB 0x0000000088800000| Complete 
| 101|0x0000000088900000, 0x0000000088a00000, 0x0000000088a00000|100%| S|CS|TAMS 0x0000000088900000| PB 0x0000000088900000| Complete 
| 102|0x0000000088a00000, 0x0000000088b00000, 0x0000000088b00000|100%| S|CS|TAMS 0x0000000088a00000| PB 0x0000000088a00000| Complete 
| 103|0x0000000088b00000, 0x0000000088b00000, 0x0000000088c00000|  0%| F|  |TAMS 0x0000000088b00000| PB 0x0000000088b00000| Untracked 
| 104|0x0000000088c00000, 0x0000000088c00000, 0x0000000088d00000|  0%| F|  |TAMS 0x0000000088c00000| PB 0x0000000088c00000| Untracked 
| 105|0x0000000088d00000, 0x0000000088d00000, 0x0000000088e00000|  0%| F|  |TAMS 0x0000000088d00000| PB 0x0000000088d00000| Untracked 
| 106|0x0000000088e00000, 0x0000000088e00000, 0x0000000088f00000|  0%| F|  |TAMS 0x0000000088e00000| PB 0x0000000088e00000| Untracked 
| 107|0x0000000088f00000, 0x0000000088fcdd20, 0x0000000089000000| 80%| E|  |TAMS 0x0000000088f00000| PB 0x0000000088f00000| Complete 
| 108|0x0000000089000000, 0x0000000089100000, 0x0000000089100000|100%| E|CS|TAMS 0x0000000089000000| PB 0x0000000089000000| Complete 
| 109|0x0000000089100000, 0x0000000089200000, 0x0000000089200000|100%| E|CS|TAMS 0x0000000089100000| PB 0x0000000089100000| Complete 
| 110|0x0000000089200000, 0x0000000089300000, 0x0000000089300000|100%| E|CS|TAMS 0x0000000089200000| PB 0x0000000089200000| Complete 
| 111|0x0000000089300000, 0x0000000089400000, 0x0000000089400000|100%| E|CS|TAMS 0x0000000089300000| PB 0x0000000089300000| Complete 
| 112|0x0000000089400000, 0x0000000089500000, 0x0000000089500000|100%| E|CS|TAMS 0x0000000089400000| PB 0x0000000089400000| Complete 
| 113|0x0000000089500000, 0x0000000089600000, 0x0000000089600000|100%| E|CS|TAMS 0x0000000089500000| PB 0x0000000089500000| Complete 
| 114|0x0000000089600000, 0x0000000089700000, 0x0000000089700000|100%| E|CS|TAMS 0x0000000089600000| PB 0x0000000089600000| Complete 
| 115|0x0000000089700000, 0x0000000089800000, 0x0000000089800000|100%| E|CS|TAMS 0x0000000089700000| PB 0x0000000089700000| Complete 
| 116|0x0000000089800000, 0x0000000089900000, 0x0000000089900000|100%| E|CS|TAMS 0x0000000089800000| PB 0x0000000089800000| Complete 
| 117|0x0000000089900000, 0x0000000089a00000, 0x0000000089a00000|100%| E|CS|TAMS 0x0000000089900000| PB 0x0000000089900000| Complete 
| 118|0x0000000089a00000, 0x0000000089b00000, 0x0000000089b00000|100%| E|CS|TAMS 0x0000000089a00000| PB 0x0000000089a00000| Complete 
| 119|0x0000000089b00000, 0x0000000089c00000, 0x0000000089c00000|100%| E|CS|TAMS 0x0000000089b00000| PB 0x0000000089b00000| Complete 
| 120|0x0000000089c00000, 0x0000000089d00000, 0x0000000089d00000|100%| E|CS|TAMS 0x0000000089c00000| PB 0x0000000089c00000| Complete 
| 121|0x0000000089d00000, 0x0000000089e00000, 0x0000000089e00000|100%| E|CS|TAMS 0x0000000089d00000| PB 0x0000000089d00000| Complete 
| 122|0x0000000089e00000, 0x0000000089f00000, 0x0000000089f00000|100%| E|CS|TAMS 0x0000000089e00000| PB 0x0000000089e00000| Complete 
| 123|0x0000000089f00000, 0x000000008a000000, 0x000000008a000000|100%| E|CS|TAMS 0x0000000089f00000| PB 0x0000000089f00000| Complete 
| 124|0x000000008a000000, 0x000000008a100000, 0x000000008a100000|100%| E|CS|TAMS 0x000000008a000000| PB 0x000000008a000000| Complete 
| 125|0x000000008a100000, 0x000000008a200000, 0x000000008a200000|100%| E|CS|TAMS 0x000000008a100000| PB 0x000000008a100000| Complete 

Card table byte_map: [0x000001abf8b80000,0x000001abf8f70000] _byte_map_base: 0x000001abf876e000

Marking Bits: (CMBitMap*) 0x000001abf83f9f70
 Bits: [0x000001abf9360000, 0x000001abfb2d0000)

Polling page: 0x000001abf7b60000

Metaspace:

Usage:
  Non-class:      8.98 MB used.
      Class:      1.03 MB used.
       Both:     10.01 MB used.

Virtual space:
  Non-class space:       64.00 MB reserved,       9.06 MB ( 14%) committed,  1 nodes.
      Class space:        1.00 GB reserved,       1.12 MB ( <1%) committed,  1 nodes.
             Both:        1.06 GB reserved,      10.19 MB ( <1%) committed. 

Chunk freelists:
   Non-Class:  2.01 MB
       Class:  2.75 MB
        Both:  4.76 MB

MaxMetaspaceSize: unlimited
CompressedClassSpaceSize: 1.00 GB
Initial GC threshold: 21.00 MB
Current GC threshold: 21.00 MB
CDS: on
MetaspaceReclaimPolicy: balanced
 - commit_granule_bytes: 65536.
 - commit_granule_words: 8192.
 - virtual_space_node_default_size: 8388608.
 - enlarge_chunks_in_place: 1.
 - new_chunks_are_fully_committed: 0.
 - uncommit_free_chunks: 1.
 - use_allocation_guard: 0.


Internal statistics:

num_allocs_failed_limit: 0.
num_arena_births: 150.
num_arena_deaths: 0.
num_vsnodes_births: 2.
num_vsnodes_deaths: 0.
num_space_committed: 163.
num_space_uncommitted: 0.
num_chunks_returned_to_freelist: 0.
num_chunks_taken_from_freelist: 202.
num_chunk_merges: 0.
num_chunk_splits: 113.
num_chunks_enlarged: 45.
num_inconsistent_stats: 0.

CodeHeap 'non-profiled nmethods': size=120000Kb used=918Kb max_used=918Kb free=119081Kb
 bounds [0x000001ab8fac0000, 0x000001ab8fd30000, 0x000001ab96ff0000]
CodeHeap 'profiled nmethods': size=120000Kb used=4000Kb max_used=4000Kb free=115999Kb
 bounds [0x000001ab87ff0000, 0x000001ab883e0000, 0x000001ab8f520000]
CodeHeap 'non-nmethods': size=5760Kb used=1636Kb max_used=1687Kb free=4123Kb
 bounds [0x000001ab8f520000, 0x000001ab8f790000, 0x000001ab8fac0000]
 total_blobs=2880 nmethods=2243 adapters=547
 compilation: enabled
              stopped_count=0, restarted_count=0
 full_count=0

Compilation events (20 events):
Event: 1344.712 Thread 0x000001abfdd33340 2235       3       java.awt.Rectangle::setBounds (21 bytes)
Event: 1344.713 Thread 0x000001abfdd33340 nmethod 2235 0x000001ab883d5090 code [0x000001ab883d5220, 0x000001ab883d5400]
Event: 1344.717 Thread 0x000001abfdd33340 2237       3       java.util.ArrayList::grow (60 bytes)
Event: 1344.718 Thread 0x000001abfdd33340 nmethod 2237 0x000001ab883d5510 code [0x000001ab883d5700, 0x000001ab883d5d48]
Event: 1344.722 Thread 0x000001abfdd33340 2238       3       sun.java2d.pipe.PixelToParallelogramConverter::drawRectangle (359 bytes)
Event: 1344.723 Thread 0x000001abfdd33340 nmethod 2238 0x000001ab883d5f90 code [0x000001ab883d6240, 0x000001ab883d7540]
Event: 1344.728 Thread 0x000001abfdd291f0 nmethod 2230 0x000001ab8fb9fa90 code [0x000001ab8fb9fd00, 0x000001ab8fba1260]
Event: 1344.729 Thread 0x000001abfdd291f0 2236       4       sun.java2d.SunGraphics2D::translate (68 bytes)
Event: 1344.736 Thread 0x000001abfdd291f0 nmethod 2236 0x000001ab8fba2190 code [0x000001ab8fba2360, 0x000001ab8fba2d00]
Event: 1344.746 Thread 0x000001abfdd291f0 2240       4       sun.java2d.pipe.Region::clipScale (41 bytes)
Event: 1344.746 Thread 0x000001abfdd291f0 nmethod 2240 0x000001ab8fba2f90 code [0x000001ab8fba3140, 0x000001ab8fba3300]
Event: 1344.838 Thread 0x000001abfdd291f0 2241       4       java.security.AccessController::getContext (23 bytes)
Event: 1344.841 Thread 0x000001abfdd291f0 nmethod 2241 0x000001ab8fba3410 code [0x000001ab8fba35c0, 0x000001ab8fba3920]
Event: 1344.844 Thread 0x000001abfdd33340 2242       3       java.awt.Component::isFocusTraversable (17 bytes)
Event: 1344.844 Thread 0x000001abfdd33340 nmethod 2242 0x000001ab883d8010 code [0x000001ab883d81a0, 0x000001ab883d82f8]
Event: 1344.875 Thread 0x000001abfdd291f0 2243   !   4       sun.awt.PostEventQueue::postEvent (81 bytes)
Event: 1344.885 Thread 0x000001abfdd291f0 nmethod 2243 0x000001ab8fba3d90 code [0x000001ab8fba3fa0, 0x000001ab8fba4b80]
Event: 1344.885 Thread 0x000001abfdd291f0 2245   !   4       java.awt.EventDispatchThread::filterAndCheckEvent (108 bytes)
Event: 1344.888 Thread 0x000001abfdd291f0 nmethod 2245 0x000001ab8fba5210 code [0x000001ab8fba53a0, 0x000001ab8fba5710]
Event: 1344.888 Thread 0x000001abfdd291f0 2244   !   4       java.awt.EventQueue::getNextEvent (84 bytes)

GC Heap History (2 events):
Event: 17.300 GC heap before
{Heap before GC invocations=0 (full 0):
 garbage-first heap   total 129024K, used 34816K [0x0000000082400000, 0x0000000100000000)
  region size 1024K, 23 young (23552K), 0 survivors (0K)
 Metaspace       used 10039K, committed 10240K, reserved 1114112K
  class space    used 1051K, committed 1152K, reserved 1048576K
}
Event: 17.306 GC heap after
{Heap after GC invocations=1 (full 0):
 garbage-first heap   total 129024K, used 15842K [0x0000000082400000, 0x0000000100000000)
  region size 1024K, 3 young (3072K), 3 survivors (3072K)
 Metaspace       used 10039K, committed 10240K, reserved 1114112K
  class space    used 1051K, committed 1152K, reserved 1048576K
}

Dll operation events (9 events):
Event: 0.011 Loaded shared library C:\Program Files\Java\jdk-20\bin\java.dll
Event: 0.025 Loaded shared library C:\Program Files\Java\jdk-20\bin\jsvml.dll
Event: 0.095 Loaded shared library C:\Program Files\Java\jdk-20\bin\net.dll
Event: 0.098 Loaded shared library C:\Program Files\Java\jdk-20\bin\nio.dll
Event: 0.150 Loaded shared library C:\Program Files\Java\jdk-20\bin\jimage.dll
Event: 0.175 Loaded shared library C:\Program Files\Java\jdk-20\bin\awt.dll
Event: 0.504 Loaded shared library C:\Program Files\Java\jdk-20\bin\freetype.dll
Event: 0.505 Loaded shared library C:\Program Files\Java\jdk-20\bin\fontmanager.dll
Event: 0.675 Loaded shared library C:\Program Files\Java\jdk-20\bin\zip.dll

Deoptimization events (20 events):
Event: 1022.000 Thread 0x000001abfdd20f80 Uncommon trap: trap_request=0xffffffde fr.pc=0x000001ab8fb83bf4 relative=0x00000000000036f4
Event: 1022.000 Thread 0x000001abfdd20f80 Uncommon trap: reason=class_check action=maybe_recompile pc=0x000001ab8fb83bf4 method=java.awt.EventQueue.dispatchEventImpl(Ljava/awt/AWTEvent;Ljava/lang/Object;)V @ 18 c2
Event: 1022.000 Thread 0x000001abfdd20f80 DEOPT PACKING pc=0x000001ab8fb83bf4 sp=0x00000072facff0f0
Event: 1022.000 Thread 0x000001abfdd20f80 DEOPT UNPACKING pc=0x000001ab8f589d22 sp=0x00000072facfee48 mode 2
Event: 1343.901 Thread 0x000001abfdd20f80 Uncommon trap: trap_request=0xffffff66 fr.pc=0x000001ab8fb7e02c relative=0x000000000000060c
Event: 1343.901 Thread 0x000001abfdd20f80 Uncommon trap: reason=speculate_class_check action=maybe_recompile pc=0x000001ab8fb7e02c method=java.awt.geom.RectangularShape.getMinX()D @ 1 c2
Event: 1343.901 Thread 0x000001abfdd20f80 DEOPT PACKING pc=0x000001ab8fb7e02c sp=0x00000072facfebd0
Event: 1343.901 Thread 0x000001abfdd20f80 DEOPT UNPACKING pc=0x000001ab8f589d22 sp=0x00000072facfeab8 mode 2
Event: 1343.901 Thread 0x000001abfdd20f80 Uncommon trap: trap_request=0xffffffc6 fr.pc=0x000001ab8fb71ab8 relative=0x00000000000004f8
Event: 1343.901 Thread 0x000001abfdd20f80 Uncommon trap: reason=bimorphic_or_optimized_type_check action=maybe_recompile pc=0x000001ab8fb71ab8 method=sun.java2d.SunGraphics2D.transformShape(Ljava/awt/geom/AffineTransform;Ljava/awt/Shape;)Ljava/awt/Shape; @ 35 c2
Event: 1343.901 Thread 0x000001abfdd20f80 DEOPT PACKING pc=0x000001ab8fb71ab8 sp=0x00000072facfeb10
Event: 1343.901 Thread 0x000001abfdd20f80 DEOPT UNPACKING pc=0x000001ab8f589d22 sp=0x00000072facfea30 mode 2
Event: 1343.901 Thread 0x000001abfdd20f80 Uncommon trap: trap_request=0xffffffc6 fr.pc=0x000001ab8fb600a4 relative=0x00000000000001e4
Event: 1343.901 Thread 0x000001abfdd20f80 Uncommon trap: reason=bimorphic_or_optimized_type_check action=maybe_recompile pc=0x000001ab8fb600a4 method=sun.java2d.SunGraphics2D.fixRectangleOrientation([DLjava/awt/geom/Rectangle2D;)V @ 1 c2
Event: 1343.901 Thread 0x000001abfdd20f80 DEOPT PACKING pc=0x000001ab8fb600a4 sp=0x00000072facfea30
Event: 1343.901 Thread 0x000001abfdd20f80 DEOPT UNPACKING pc=0x000001ab8f589d22 sp=0x00000072facfe9c0 mode 2
Event: 1343.901 Thread 0x000001abfdd20f80 Uncommon trap: trap_request=0xffffff66 fr.pc=0x000001ab8fb7e02c relative=0x000000000000060c
Event: 1343.901 Thread 0x000001abfdd20f80 Uncommon trap: reason=speculate_class_check action=maybe_recompile pc=0x000001ab8fb7e02c method=java.awt.geom.RectangularShape.getMinX()D @ 1 c2
Event: 1343.901 Thread 0x000001abfdd20f80 DEOPT PACKING pc=0x000001ab8fb7e02c sp=0x00000072facfe8f0
Event: 1343.901 Thread 0x000001abfdd20f80 DEOPT UNPACKING pc=0x000001ab8f589d22 sp=0x00000072facfe7d0 mode 2

Classes loaded (20 events):
Event: 11.306 Loading class java/awt/event/MouseWheelEvent
Event: 11.306 Loading class java/awt/event/MouseWheelEvent done
Event: 11.315 Loading class java/awt/LightweightDispatcher$2
Event: 11.315 Loading class java/awt/LightweightDispatcher$2 done
Event: 15.352 Loading class java/awt/Canvas
Event: 15.352 Loading class java/awt/Canvas done
Event: 15.352 Loading class java/awt/Scrollbar
Event: 15.352 Loading class java/awt/Scrollbar done
Event: 16.330 Loading class javax/swing/JList
Event: 16.330 Loading class javax/swing/JList done
Event: 17.365 Loading class javax/swing/TimerQueue
Event: 17.365 Loading class javax/swing/TimerQueue done
Event: 17.365 Loading class java/util/concurrent/DelayQueue
Event: 17.365 Loading class java/util/concurrent/BlockingQueue
Event: 17.365 Loading class java/util/concurrent/BlockingQueue done
Event: 17.366 Loading class java/util/concurrent/DelayQueue done
Event: 17.366 Loading class java/util/PriorityQueue
Event: 17.366 Loading class java/util/PriorityQueue done
Event: 19.544 Loading class java/security/DomainCombiner
Event: 19.544 Loading class java/security/DomainCombiner done

Classes unloaded (0 events):
No events

Classes redefined (0 events):
No events

Internal exceptions (20 events):
Event: 0.099 Thread 0x000001abf83990f0 Exception <a 'sun/nio/fs/WindowsException'{0x000000008a044e20}> (0x000000008a044e20) 
thrown [s\open\src\hotspot\share\prims\jni.cpp, line 519]
Event: 0.102 Thread 0x000001abf83990f0 Exception <a 'sun/nio/fs/WindowsException'{0x000000008a047b60}> (0x000000008a047b60) 
thrown [s\open\src\hotspot\share\prims\jni.cpp, line 519]
Event: 0.102 Thread 0x000001abf83990f0 Exception <a 'sun/nio/fs/WindowsException'{0x000000008a048910}> (0x000000008a048910) 
thrown [s\open\src\hotspot\share\prims\jni.cpp, line 519]
Event: 0.103 Thread 0x000001abf83990f0 Exception <a 'sun/nio/fs/WindowsException'{0x000000008a049c50}> (0x000000008a049c50) 
thrown [s\open\src\hotspot\share\prims\jni.cpp, line 519]
Event: 0.103 Thread 0x000001abf83990f0 Exception <a 'sun/nio/fs/WindowsException'{0x000000008a04b578}> (0x000000008a04b578) 
thrown [s\open\src\hotspot\share\prims\jni.cpp, line 519]
Event: 0.104 Thread 0x000001abf83990f0 Exception <a 'sun/nio/fs/WindowsException'{0x000000008a04c930}> (0x000000008a04c930) 
thrown [s\open\src\hotspot\share\prims\jni.cpp, line 519]
Event: 0.160 Thread 0x000001abf83990f0 Exception <a 'java/lang/ClassNotFoundException'{0x0000000089f7cbb0}: sun/awt/resources/spi/awtProvider> (0x0000000089f7cbb0) 
thrown [s\open\src\hotspot\share\classfile\systemDictionary.cpp, line 305]
Event: 0.194 Thread 0x000001abf83990f0 Exception <a 'java/io/FileNotFoundException'{0x0000000089fd3440}> (0x0000000089fd3440) 
thrown [s\open\src\hotspot\share\prims\jni.cpp, line 519]
Event: 0.206 Thread 0x000001abf83990f0 Exception <a 'java/io/FileNotFoundException'{0x0000000089ffd718}> (0x0000000089ffd718) 
thrown [s\open\src\hotspot\share\prims\jni.cpp, line 519]
Event: 0.330 Thread 0x000001abf83990f0 Exception <a 'java/lang/NoSuchMethodError'{0x0000000089d14260}: 'void java.lang.invoke.DirectMethodHandle$Holder.invokeSpecial(java.lang.Object, java.lang.Object, java.lang.Object)'> (0x0000000089d14260) 
thrown [s\open\src\hotspot\share\interpreter\linkResolver.cpp, line 773]
Event: 0.347 Thread 0x000001abf83990f0 Exception <a 'java/lang/NoSuchMethodError'{0x0000000089d3e9a8}: 'java.lang.Object java.lang.invoke.DirectMethodHandle$Holder.newInvokeSpecial(java.lang.Object, java.lang.Object, java.lang.Object, java.lang.Object, java.lang.Object)'> (0x0000000089d3e9a8) 
thrown [s\open\src\hotspot\share\interpreter\linkResolver.cpp, line 773]
Event: 0.362 Thread 0x000001abf83990f0 Exception <a 'java/lang/NoSuchMethodError'{0x0000000089d6f250}: 'java.lang.Object java.lang.invoke.DirectMethodHandle$Holder.invokeStatic(java.lang.Object, int, java.lang.Object)'> (0x0000000089d6f250) 
thrown [s\open\src\hotspot\share\interpreter\linkResolver.cpp, line 773]
Event: 0.420 Thread 0x000001abf83990f0 Exception <a 'java/lang/ClassNotFoundException'{0x0000000089c2ae70}: com/sun/swing/internal/plaf/metal/resources/spi/metalProvider> (0x0000000089c2ae70) 
thrown [s\open\src\hotspot\share\classfile\systemDictionary.cpp, line 305]
Event: 0.422 Thread 0x000001abf83990f0 Exception <a 'java/lang/ClassNotFoundException'{0x0000000089c2ee20}: com/sun/swing/internal/plaf/basic/resources/spi/basicProvider> (0x0000000089c2ee20) 
thrown [s\open\src\hotspot\share\classfile\systemDictionary.cpp, line 305]
Event: 0.439 Thread 0x000001abf83990f0 Exception <a 'java/lang/NoSuchMethodError'{0x0000000089c4dfa8}: 'int java.lang.invoke.Invokers$Holder.invokeExact_MT(java.lang.Object, java.lang.Object)'> (0x0000000089c4dfa8) 
thrown [s\open\src\hotspot\share\interpreter\linkResolver.cpp, line 773]
Event: 0.598 Thread 0x000001abf83990f0 Exception <a 'java/lang/NoSuchMethodError'{0x0000000089b1dfb8}: 'java.lang.Object java.lang.invoke.DirectMethodHandle$Holder.invokeStaticInit(java.lang.Object, int, int, int, int)'> (0x0000000089b1dfb8) 
thrown [s\open\src\hotspot\share\interpreter\linkResolver.cpp, line 773]
Event: 0.661 Thread 0x000001abf83990f0 Exception <a 'java/lang/NoSuchMethodError'{0x0000000089b7f8e0}: 'java.lang.Object java.lang.invoke.DirectMethodHandle$Holder.invokeStaticInit(java.lang.Object, java.lang.Object, int, int, int, int)'> (0x0000000089b7f8e0) 
thrown [s\open\src\hotspot\share\interpreter\linkResolver.cpp, line 773]
Event: 0.853 Thread 0x000001abfdd21a20 Exception <a 'java/lang/NoSuchMethodError'{0x0000000089efb5f8}: 'void java.lang.invoke.DirectMethodHandle$Holder.invokeVirtual(java.lang.Object, java.lang.Object)'> (0x0000000089efb5f8) 
thrown [s\open\src\hotspot\share\interpreter\linkResolver.cpp, line 773]
Event: 0.881 Thread 0x000001abf83990f0 Exception <a 'java/lang/NoSuchMethodError'{0x00000000899df610}: 'void java.lang.invoke.DirectMethodHandle$Holder.invokeStaticInit(java.lang.Object)'> (0x00000000899df610) 
thrown [s\open\src\hotspot\share\interpreter\linkResolver.cpp, line 773]
Event: 17.367 Thread 0x000001abfdd20f80 Implicit null exception at 0x000001ab8fb3eae4 to 0x000001ab8fb3ed0a

VM Operations (20 events):
Event: 20.335 Executing VM operation: Cleanup
Event: 20.335 Executing VM operation: Cleanup done
Event: 22.353 Executing VM operation: Cleanup
Event: 22.353 Executing VM operation: Cleanup done
Event: 23.366 Executing VM operation: Cleanup
Event: 23.366 Executing VM operation: Cleanup done
Event: 649.019 Executing VM operation: Cleanup
Event: 649.020 Executing VM operation: Cleanup done
Event: 650.030 Executing VM operation: Cleanup
Event: 650.030 Executing VM operation: Cleanup done
Event: 1021.881 Executing VM operation: Cleanup
Event: 1021.881 Executing VM operation: Cleanup done
Event: 1287.971 Executing VM operation: Cleanup
Event: 1287.971 Executing VM operation: Cleanup done
Event: 1288.971 Executing VM operation: Cleanup
Event: 1288.971 Executing VM operation: Cleanup done
Event: 1289.975 Executing VM operation: Cleanup
Event: 1289.975 Executing VM operation: Cleanup done
Event: 1344.385 Executing VM operation: Cleanup
Event: 1344.385 Executing VM operation: Cleanup done

Events (20 events):
Event: 0.044 Thread 0x000001abfdd1a620 Thread added: 0x000001abfdd1a620
Event: 0.045 Thread 0x000001abfdd1ea50 Thread added: 0x000001abfdd1ea50
Event: 0.045 Thread 0x000001abfdd1ff90 Thread added: 0x000001abfdd1ff90
Event: 0.045 Thread 0x000001abfdd22a10 Thread added: 0x000001abfdd22a10
Event: 0.045 Thread 0x000001abfdd204e0 Thread added: 0x000001abfdd204e0
Event: 0.045 Thread 0x000001abfdd291f0 Thread added: 0x000001abfdd291f0
Event: 0.046 Thread 0x000001abfdd33340 Thread added: 0x000001abfdd33340
Event: 0.079 Thread 0x000001abfdd22f60 Thread added: 0x000001abfdd22f60
Event: 0.123 Thread 0x000001abfdd1fa40 Thread added: 0x000001abfdd1fa40
Event: 0.268 Thread 0x000001abfdd20a30 Thread added: 0x000001abfdd20a30
Event: 0.270 Thread 0x000001abfdd214d0 Thread added: 0x000001abfdd214d0
Event: 0.272 Thread 0x000001abfdd21a20 Thread added: 0x000001abfdd21a20
Event: 0.709 Thread 0x000001ab9b4d2270 Thread added: 0x000001ab9b4d2270
Event: 0.834 Thread 0x000001abfdd20f80 Thread added: 0x000001abfdd20f80
Event: 1.057 Thread 0x000001abf83990f0 Thread exited: 0x000001abf83990f0
Event: 1.057 Thread 0x000001abfdd21f70 Thread added: 0x000001abfdd21f70
Event: 6.192 Thread 0x000001ab9b4d2270 Thread exited: 0x000001ab9b4d2270
Event: 12.477 Thread 0x000001ab9ced2050 Thread added: 0x000001ab9ced2050
Event: 12.636 Thread 0x000001ab9ced2050 Thread exited: 0x000001ab9ced2050
Event: 17.367 Thread 0x000001ab9b327a00 Thread added: 0x000001ab9b327a00


Dynamic libraries:
0x00007ff72ecf0000 - 0x00007ff72ed00000 	C:\Program Files\Java\jdk-20\bin\java.exe
0x00007ff8a2cf0000 - 0x00007ff8a2f04000 	C:\WINDOWS\SYSTEM32\ntdll.dll
0x00007ff8a1d70000 - 0x00007ff8a1e32000 	C:\WINDOWS\System32\KERNEL32.DLL
0x00007ff8a0130000 - 0x00007ff8a04cc000 	C:\WINDOWS\System32\KERNELBASE.dll
0x00007ff8a0640000 - 0x00007ff8a0751000 	C:\WINDOWS\System32\ucrtbase.dll
0x00007ff88c8d0000 - 0x00007ff88c8eb000 	C:\Program Files\Java\jdk-20\bin\VCRUNTIME140.dll
0x00007ff8886c0000 - 0x00007ff8886d9000 	C:\Program Files\Java\jdk-20\bin\jli.dll
0x00007ff8a1e60000 - 0x00007ff8a1f0e000 	C:\WINDOWS\System32\ADVAPI32.dll
0x00007ff8a2970000 - 0x00007ff8a2a17000 	C:\WINDOWS\System32\msvcrt.dll
0x00007ff8a0f30000 - 0x00007ff8a0fd4000 	C:\WINDOWS\System32\sechost.dll
0x00007ff8a0dd0000 - 0x00007ff8a0ee7000 	C:\WINDOWS\System32\RPCRT4.dll
0x00007ff8a1f20000 - 0x00007ff8a20cb000 	C:\WINDOWS\System32\USER32.dll
0x00007ff8a0ad0000 - 0x00007ff8a0af6000 	C:\WINDOWS\System32\win32u.dll
0x00007ff8892a0000 - 0x00007ff88952e000 	C:\WINDOWS\WinSxS\amd64_microsoft.windows.common-controls_6595b64144ccf1df_6.0.22621.608_none_a9444ca7c10bb01d\COMCTL32.dll
0x00007ff8a0c20000 - 0x00007ff8a0c49000 	C:\WINDOWS\System32\GDI32.dll
0x00007ff8a0910000 - 0x00007ff8a0a23000 	C:\WINDOWS\System32\gdi32full.dll
0x00007ff8a0a30000 - 0x00007ff8a0aca000 	C:\WINDOWS\System32\msvcp_win.dll
0x00007ff88e180000 - 0x00007ff88e18a000 	C:\WINDOWS\SYSTEM32\VERSION.dll
0x00007ff8a0ef0000 - 0x00007ff8a0f21000 	C:\WINDOWS\System32\IMM32.DLL
0x00007ff88beb0000 - 0x00007ff88bebc000 	C:\Program Files\Java\jdk-20\bin\vcruntime140_1.dll
0x00007ff883570000 - 0x00007ff8835fe000 	C:\Program Files\Java\jdk-20\bin\msvcp140.dll
0x00007ff820270000 - 0x00007ff820f07000 	C:\Program Files\Java\jdk-20\bin\server\jvm.dll
0x00007ff897120000 - 0x00007ff897129000 	C:\WINDOWS\SYSTEM32\WSOCK32.dll
0x00007ff8959f0000 - 0x00007ff895a24000 	C:\WINDOWS\SYSTEM32\WINMM.dll
0x00007ff8a0d50000 - 0x00007ff8a0dc1000 	C:\WINDOWS\System32\WS2_32.dll
0x00007ff89f180000 - 0x00007ff89f198000 	C:\WINDOWS\SYSTEM32\kernel.appcore.dll
0x00007ff88be30000 - 0x00007ff88be3a000 	C:\Program Files\Java\jdk-20\bin\jimage.dll
0x00007ff89aab0000 - 0x00007ff89acde000 	C:\WINDOWS\SYSTEM32\DBGHELP.DLL
0x00007ff8a19e0000 - 0x00007ff8a1d69000 	C:\WINDOWS\System32\combase.dll
0x00007ff8a1900000 - 0x00007ff8a19d7000 	C:\WINDOWS\System32\OLEAUT32.dll
0x00007ff88e0e0000 - 0x00007ff88e112000 	C:\WINDOWS\SYSTEM32\dbgcore.DLL
0x00007ff8a0890000 - 0x00007ff8a090b000 	C:\WINDOWS\System32\bcryptPrimitives.dll
0x00007ff88be40000 - 0x00007ff88be66000 	C:\Program Files\Java\jdk-20\bin\java.dll
0x00007ff88bd50000 - 0x00007ff88be27000 	C:\Program Files\Java\jdk-20\bin\jsvml.dll
0x00007ff8a2180000 - 0x00007ff8a2970000 	C:\WINDOWS\System32\SHELL32.dll
0x00007ff89e140000 - 0x00007ff89ea0d000 	C:\WINDOWS\SYSTEM32\windows.storage.dll
0x00007ff89e000000 - 0x00007ff89e13e000 	C:\WINDOWS\SYSTEM32\wintypes.dll
0x00007ff8a2aa0000 - 0x00007ff8a2b91000 	C:\WINDOWS\System32\SHCORE.dll
0x00007ff8a1620000 - 0x00007ff8a167e000 	C:\WINDOWS\System32\shlwapi.dll
0x00007ff8a0060000 - 0x00007ff8a0081000 	C:\WINDOWS\SYSTEM32\profapi.dll
0x00007ff88bd30000 - 0x00007ff88bd43000 	C:\Program Files\Java\jdk-20\bin\net.dll
0x00007ff895d20000 - 0x00007ff895e57000 	C:\WINDOWS\SYSTEM32\WINHTTP.dll
0x00007ff89f5f0000 - 0x00007ff89f659000 	C:\WINDOWS\system32\mswsock.dll
0x00007ff88b460000 - 0x00007ff88b476000 	C:\Program Files\Java\jdk-20\bin\nio.dll
0x00007ff862e40000 - 0x00007ff862fd1000 	C:\Program Files\Java\jdk-20\bin\awt.dll
0x00007ff899fb0000 - 0x00007ff89a046000 	C:\WINDOWS\SYSTEM32\apphelp.dll
0x00007ff89a750000 - 0x00007ff89a77b000 	C:\WINDOWS\system32\DWMAPI.DLL
0x00007ff89a190000 - 0x00007ff89a23b000 	C:\WINDOWS\system32\uxtheme.dll
0x00007ff88ad30000 - 0x00007ff88ae30000 	C:\WINDOWS\system32\opengl32.dll
0x00007ff88dab0000 - 0x00007ff88dadd000 	C:\WINDOWS\SYSTEM32\GLU32.dll
0x00007ff89a420000 - 0x00007ff89a456000 	C:\WINDOWS\SYSTEM32\dxcore.dll
0x00007ff8a0b00000 - 0x00007ff8a0c1e000 	C:\WINDOWS\System32\MSCTF.dll
0x00007ff8a0fe0000 - 0x00007ff8a117c000 	C:\WINDOWS\System32\ole32.dll
0x00007ff8834e0000 - 0x00007ff883566000 	C:\Program Files\Java\jdk-20\bin\freetype.dll
0x00007ff883340000 - 0x00007ff883406000 	C:\Program Files\Java\jdk-20\bin\fontmanager.dll
0x00007ff89f8c0000 - 0x00007ff89f8db000 	C:\WINDOWS\SYSTEM32\CRYPTSP.dll
0x00007ff89f0f0000 - 0x00007ff89f125000 	C:\WINDOWS\system32\rsaenh.dll
0x00007ff89f6f0000 - 0x00007ff89f718000 	C:\WINDOWS\SYSTEM32\USERENV.dll
0x00007ff89fb00000 - 0x00007ff89fb28000 	C:\WINDOWS\SYSTEM32\bcrypt.dll
0x00007ff89f8e0000 - 0x00007ff89f8ec000 	C:\WINDOWS\SYSTEM32\CRYPTBASE.dll
0x00007ff89ec60000 - 0x00007ff89ec8d000 	C:\WINDOWS\SYSTEM32\IPHLPAPI.DLL
0x00007ff8a18f0000 - 0x00007ff8a18f9000 	C:\WINDOWS\System32\NSI.dll
0x00007ff895c40000 - 0x00007ff895c59000 	C:\WINDOWS\SYSTEM32\dhcpcsvc6.DLL
0x00007ff895a30000 - 0x00007ff895a4f000 	C:\WINDOWS\SYSTEM32\dhcpcsvc.DLL
0x00007ff89ecd0000 - 0x00007ff89edc3000 	C:\WINDOWS\SYSTEM32\DNSAPI.dll
0x00007ff889d20000 - 0x00007ff889d38000 	C:\Program Files\Java\jdk-20\bin\zip.dll
0x00007ff8a1840000 - 0x00007ff8a18f0000 	C:\WINDOWS\System32\clbcatq.dll
0x00007ff898600000 - 0x00007ff8987b0000 	C:\WINDOWS\SYSTEM32\WindowsCodecs.dll
0x00007ff884b80000 - 0x00007ff884bde000 	C:\WINDOWS\system32\dataexchange.dll
0x00007ff893500000 - 0x00007ff89376a000 	C:\WINDOWS\system32\twinapi.appcore.dll
0x00007ff88d700000 - 0x00007ff88d82e000 	C:\WINDOWS\SYSTEM32\textinputframework.dll
0x00007ff862170000 - 0x00007ff8625b2000 	C:\WINDOWS\SYSTEM32\uiautomationcore.dll
0x00007ff87fc70000 - 0x00007ff87fcd9000 	C:\WINDOWS\SYSTEM32\OLEACC.dll
0x00007ff899ca0000 - 0x00007ff899dd3000 	C:\WINDOWS\SYSTEM32\CoreMessaging.dll
0x00007ff894ee0000 - 0x00007ff89524c000 	C:\WINDOWS\SYSTEM32\CoreUIComponents.dll

dbghelp: loaded successfully - version: 4.0.5 - missing functions: none
symbol engine: initialized successfully - sym options: 0x614 - pdb path: .;C:\Program Files\Java\jdk-20\bin;C:\WINDOWS\SYSTEM32;C:\WINDOWS\WinSxS\amd64_microsoft.windows.common-controls_6595b64144ccf1df_6.0.22621.608_none_a9444ca7c10bb01d;C:\Program Files\Java\jdk-20\bin\server

VM Arguments:
jvm_args: -Dfile.encoding=UTF-8 --module-path=C:\Users\Ploy\OneDrive\à´Ê¡ì·çÍ»\popo\poject\checkout\build\classes 
java_command: Main
java_class_path (initial): C:\Users\Ploy\OneDrive\à´Ê¡ì·çÍ»\popo\poject\checkout\build\classes
Launcher Type: SUN_STANDARD

[Global flags]
     intx CICompilerCount                          = 4                                         {product} {ergonomic}
     uint ConcGCThreads                            = 2                                         {product} {ergonomic}
     uint G1ConcRefinementThreads                  = 8                                         {product} {ergonomic}
   size_t G1HeapRegionSize                         = 1048576                                   {product} {ergonomic}
    uintx GCDrainStackTargetSize                   = 64                                        {product} {ergonomic}
   size_t InitialHeapSize                          = 132120576                                 {product} {ergonomic}
   size_t MarkStackSize                            = 4194304                                   {product} {ergonomic}
   size_t MaxHeapSize                              = 2109734912                                {product} {ergonomic}
   size_t MaxNewSize                               = 1265631232                                {product} {ergonomic}
   size_t MinHeapDeltaBytes                        = 1048576                                   {product} {ergonomic}
   size_t MinHeapSize                              = 8388608                                   {product} {ergonomic}
    uintx NonNMethodCodeHeapSize                   = 5839372                                {pd product} {ergonomic}
    uintx NonProfiledCodeHeapSize                  = 122909434                              {pd product} {ergonomic}
    uintx ProfiledCodeHeapSize                     = 122909434                              {pd product} {ergonomic}
    uintx ReservedCodeCacheSize                    = 251658240                              {pd product} {ergonomic}
     bool SegmentedCodeCache                       = true                                      {product} {ergonomic}
   size_t SoftMaxHeapSize                          = 2109734912                             {manageable} {ergonomic}
     bool UseCompressedClassPointers               = true                           {product lp64_product} {ergonomic}
     bool UseCompressedOops                        = true                           {product lp64_product} {ergonomic}
     bool UseG1GC                                  = true                                      {product} {ergonomic}
     bool UseLargePagesIndividualAllocation        = false                                  {pd product} {ergonomic}

Logging:
Log output configuration:
 #0: stdout all=warning uptime,level,tags foldmultilines=false
 #1: stderr all=off uptime,level,tags foldmultilines=false

Environment Variables:
PATH=C:\Program Files\Common Files\Oracle\Java\javapath;C:\Windows\system32;C:\Windows;C:\Windows\System32\Wbem;C:\Windows\System32\WindowsPowerShell\v1.0\;C:\Windows\System32\OpenSSH\;C:\Program Files (x86)\NVIDIA Corporation\PhysX\Common;C:\Program Files\Intel\WiFi\bin\;C:\Program Files\Common Files\Intel\WirelessCommon\;C:\WINDOWS\system32;C:\WINDOWS;C:\WINDOWS\System32\Wbem;C:\WINDOWS\System32\WindowsPowerShell\v1.0\;C:\WINDOWS\System32\OpenSSH\;C:\Program Files (x86)\Windows Kits\8.1\Windows Performance Toolkit\;C:\Users\Ploy\AppData\Local\Microsoft\WindowsApps;C:\Users\Ploy\AppData\Local\Programs\Microsoft VS Code\bin;C:\Users\Ploy\AppData\Local\GitHubDesktop\bin
USERNAME=Ploy
OS=Windows_NT
PROCESSOR_IDENTIFIER=Intel64 Family 6 Model 142 Stepping 11, GenuineIntel
TMP=C:\Users\Ploy\AppData\Local\Temp
TEMP=C:\Users\Ploy\AppData\Local\Temp




---------------  S Y S T E M  ---------------

OS:
 Windows 11 , 64 bit Build 22621 (10.0.22621.1485)
OS uptime: 14 days 23:21 hours

CPU: total 8 (initial active 8) (4 cores per cpu, 2 threads per core) family 6 model 142 stepping 11 microcode 0xde, cx8, cmov, fxsr, ht, mmx, 3dnowpref, sse, sse2, sse3, ssse3, sse4.1, sse4.2, popcnt, lzcnt, tsc, tscinvbit, avx, avx2, aes, erms, clmul, bmi1, bmi2, adx, fma, vzeroupper, clflush, clflushopt, rdtscp, f16c

Memory: 4k page, system-wide physical 8043M (503M free)
TotalPageFile size 20319M (AvailPageFile size 4M)
current process WorkingSet (physical memory assigned to process): 104M, peak: 119M
current process commit charge ("private bytes"): 254M, peak: 254M

vm_info: Java HotSpot(TM) 64-Bit Server VM (20.0.1+9-29) for windows-amd64 JRE (20.0.1+9-29), built on 2023-03-07T13:56:11Z by "mach5one" with MS VC++ 17.1 (VS2022)

END.
