#
# There is insufficient memory for the Java Runtime Environment to continue.
# Native memory allocation (mmap) failed to map 132120576 bytes for G1 virtual space
# Possible reasons:
#   The system is out of physical RAM or swap space
#   The process is running with CompressedOops enabled, and the Java Heap may be blocking the growth of the native heap
# Possible solutions:
#   Reduce memory load on the system
#   Increase physical memory or swap space
#   Check if swap backing store is full
#   Decrease Java heap size (-Xmx/-Xms)
#   Decrease number of Java threads
#   Decrease Java thread stack sizes (-Xss)
#   Set larger code cache with -XX:ReservedCodeCacheSize=
#   JVM is running with Unscaled Compressed Oops mode in which the Java heap is
#     placed in the first 4GB address space. The Java Heap base address is the
#     maximum limit for the native heap growth. Please use -XX:HeapBaseMinAddress
#     to set the Java Heap base and to place the Java Heap above 4GB virtual address.
# This output file may be truncated or incomplete.
#
#  Out of Memory Error (os_windows.cpp:3528), pid=14640, tid=6468
#
# JRE version:  (20.0.1+9) (build )
# Java VM: Java HotSpot(TM) 64-Bit Server VM (20.0.1+9-29, mixed mode, sharing, tiered, compressed oops, compressed class ptrs, g1 gc, windows-amd64)
# No core dump will be written. Minidumps are not enabled by default on client versions of Windows
#

---------------  S U M M A R Y ------------

Command Line: -Dfile.encoding=UTF-8 --module-path=C:\Users\Ploy\OneDrive\à´Ê¡ì·çÍ»\popo\poject\checkout\build\classes Main

Host: Intel(R) Core(TM) i5-8265U CPU @ 1.60GHz, 8 cores, 7G,  Windows 11 , 64 bit Build 22621 (10.0.22621.1485)
Time: Sun May 14 13:00:18 2023 SE Asia Standard Time elapsed time: 0.012050 seconds (0d 0h 0m 0s)

---------------  T H R E A D  ---------------

Current thread (0x000002098d2370a0):  JavaThread "Unknown thread" [_thread_in_vm, id=6468, stack(0x00000041ba700000,0x00000041ba800000)]

Stack: [0x00000041ba700000,0x00000041ba800000]
Native frames: (J=compiled Java code, j=interpreted, Vv=VM code, C=native code)
V  [jvm.dll+0x6bb95a]
V  [jvm.dll+0x8485fa]
V  [jvm.dll+0x84a1f5]
V  [jvm.dll+0x84a8f3]
V  [jvm.dll+0x280b0f]
V  [jvm.dll+0x6b86e9]
V  [jvm.dll+0x6ad2da]
V  [jvm.dll+0x35adf5]
V  [jvm.dll+0x363016]
V  [jvm.dll+0x3b3b3e]
V  [jvm.dll+0x3b3dc5]
V  [jvm.dll+0x32b50a]
V  [jvm.dll+0x32c32b]
V  [jvm.dll+0x8112bf]
V  [jvm.dll+0x3c0d91]
V  [jvm.dll+0x7fcfe3]
V  [jvm.dll+0x44c76f]
V  [jvm.dll+0x44e0e1]
C  [jli.dll+0x5287]
C  [ucrtbase.dll+0x29363]
C  [KERNEL32.DLL+0x1269d]
C  [ntdll.dll+0x5a9f8]


---------------  P R O C E S S  ---------------

Threads class SMR info:
_java_thread_list=0x00007ff85019a098, length=0, elements={
}

Java Threads: ( => current thread )

Other Threads:
  0x000002098d2976e0 WorkerThread "GC Thread#0" [stack: 0x00000041ba800000,0x00000041ba900000] [id=19532]
  0x000002098d2a81f0 ConcurrentGCThread "G1 Main Marker" [stack: 0x00000041ba900000,0x00000041baa00000] [id=25628]
  0x000002098d2a9dd0 WorkerThread "G1 Conc#0" [stack: 0x00000041baa00000,0x00000041bab00000] [id=21668]

[error occurred during error reporting (printing all threads), id 0xc0000005, EXCEPTION_ACCESS_VIOLATION (0xc0000005) at pc=0x00007ff84f97eb47]
VM state: not at safepoint (not fully initialized)

VM Mutex/Monitor currently owned by a thread:  ([mutex/lock_event])
[0x000002098d232cb0] Heap_lock - owner thread: 0x000002098d2370a0

Heap address: 0x0000000082400000, size: 2012 MB, Compressed Oops mode: 32-bit

CDS archive(s) mapped at: [0x0000000000000000-0x0000000000000000-0x0000000000000000), size 0, SharedBaseAddress: 0x0000000800000000, ArchiveRelocationMode: 0.
Narrow klass base: 0x0000000000000000, Narrow klass shift: 0, Narrow klass range: 0x0

GC Precious Log:
 CardTable entry size: 512
 Card Set container configuration: InlinePtr #cards 5 size 8 Array Of Cards #cards 12 size 40 Howl #buckets 4 coarsen threshold 1843 Howl Bitmap #cards 512 size 80 coarsen threshold 460 Card regions per heap region 1 cards per card region 2048

Heap:
 garbage-first heap   total 0K, used 0K [0x0000000082400000, 0x0000000100000000)
  region size 1024K, 0 young (0K), 0 survivors (0K)

[error occurred during error reporting (printing heap information), id 0xc0000005, EXCEPTION_ACCESS_VIOLATION (0xc0000005) at pc=0x00007ff84fd53c59]
GC Heap History (0 events):
No events

Dll operation events (1 events):
Event: 0.008 Loaded shared library C:\Program Files\Java\jdk-20\bin\java.dll

Deoptimization events (0 events):
No events

Classes loaded (0 events):
No events

Classes unloaded (0 events):
No events

Classes redefined (0 events):
No events

Internal exceptions (0 events):
No events

VM Operations (0 events):
No events

Events (0 events):
No events


Dynamic libraries:
0x00007ff7eb8f0000 - 0x00007ff7eb900000 	C:\Program Files\Java\jdk-20\bin\java.exe
0x00007ff8a2cf0000 - 0x00007ff8a2f04000 	C:\WINDOWS\SYSTEM32\ntdll.dll
0x00007ff8a1d70000 - 0x00007ff8a1e32000 	C:\WINDOWS\System32\KERNEL32.DLL
0x00007ff8a0130000 - 0x00007ff8a04cc000 	C:\WINDOWS\System32\KERNELBASE.dll
0x00007ff8a0640000 - 0x00007ff8a0751000 	C:\WINDOWS\System32\ucrtbase.dll
0x00007ff88dd20000 - 0x00007ff88dd3b000 	C:\Program Files\Java\jdk-20\bin\VCRUNTIME140.dll
0x00007ff898580000 - 0x00007ff898599000 	C:\Program Files\Java\jdk-20\bin\jli.dll
0x00007ff8a1e60000 - 0x00007ff8a1f0e000 	C:\WINDOWS\System32\ADVAPI32.dll
0x00007ff8a2970000 - 0x00007ff8a2a17000 	C:\WINDOWS\System32\msvcrt.dll
0x00007ff8a0f30000 - 0x00007ff8a0fd4000 	C:\WINDOWS\System32\sechost.dll
0x00007ff8a0dd0000 - 0x00007ff8a0ee7000 	C:\WINDOWS\System32\RPCRT4.dll
0x00007ff8a1f20000 - 0x00007ff8a20cb000 	C:\WINDOWS\System32\USER32.dll
0x00007ff8a0ad0000 - 0x00007ff8a0af6000 	C:\WINDOWS\System32\win32u.dll
0x00007ff8a0c20000 - 0x00007ff8a0c49000 	C:\WINDOWS\System32\GDI32.dll
0x00007ff8892a0000 - 0x00007ff88952e000 	C:\WINDOWS\WinSxS\amd64_microsoft.windows.common-controls_6595b64144ccf1df_6.0.22621.608_none_a9444ca7c10bb01d\COMCTL32.dll
0x00007ff8a0910000 - 0x00007ff8a0a23000 	C:\WINDOWS\System32\gdi32full.dll
0x00007ff8a0a30000 - 0x00007ff8a0aca000 	C:\WINDOWS\System32\msvcp_win.dll
0x00007ff88e180000 - 0x00007ff88e18a000 	C:\WINDOWS\SYSTEM32\VERSION.dll
0x00007ff8a0ef0000 - 0x00007ff8a0f21000 	C:\WINDOWS\System32\IMM32.DLL
0x00007ff88dd10000 - 0x00007ff88dd1c000 	C:\Program Files\Java\jdk-20\bin\vcruntime140_1.dll
0x00007ff862d80000 - 0x00007ff862e0e000 	C:\Program Files\Java\jdk-20\bin\msvcp140.dll
0x00007ff84f640000 - 0x00007ff8502d7000 	C:\Program Files\Java\jdk-20\bin\server\jvm.dll
0x00007ff88dd40000 - 0x00007ff88dd49000 	C:\WINDOWS\SYSTEM32\WSOCK32.dll
0x00007ff8a0d50000 - 0x00007ff8a0dc1000 	C:\WINDOWS\System32\WS2_32.dll
0x00007ff8959f0000 - 0x00007ff895a24000 	C:\WINDOWS\SYSTEM32\WINMM.dll
0x00007ff89f180000 - 0x00007ff89f198000 	C:\WINDOWS\SYSTEM32\kernel.appcore.dll
0x00007ff8886d0000 - 0x00007ff8886da000 	C:\Program Files\Java\jdk-20\bin\jimage.dll
0x00007ff89aab0000 - 0x00007ff89acde000 	C:\WINDOWS\SYSTEM32\DBGHELP.DLL
0x00007ff8a19e0000 - 0x00007ff8a1d69000 	C:\WINDOWS\System32\combase.dll
0x00007ff8a1900000 - 0x00007ff8a19d7000 	C:\WINDOWS\System32\OLEAUT32.dll
0x00007ff88e0e0000 - 0x00007ff88e112000 	C:\WINDOWS\SYSTEM32\dbgcore.DLL
0x00007ff8a0890000 - 0x00007ff8a090b000 	C:\WINDOWS\System32\bcryptPrimitives.dll
0x00007ff889d10000 - 0x00007ff889d36000 	C:\Program Files\Java\jdk-20\bin\java.dll

dbghelp: loaded successfully - version: 4.0.5 - missing functions: none
symbol engine: initialized successfully - sym options: 0x614 - pdb path: .;C:\Program Files\Java\jdk-20\bin;C:\WINDOWS\SYSTEM32;C:\WINDOWS\WinSxS\amd64_microsoft.windows.common-controls_6595b64144ccf1df_6.0.22621.608_none_a9444ca7c10bb01d;C:\Program Files\Java\jdk-20\bin\server

VM Arguments:
jvm_args: -Dfile.encoding=UTF-8 --module-path=C:\Users\Ploy\OneDrive\à´Ê¡ì·çÍ»\popo\poject\checkout\build\classes 
java_command: Main
java_class_path (initial): C:\Users\Ploy\OneDrive\à´Ê¡ì·çÍ»\popo\poject\checkout\build\classes
Launcher Type: SUN_STANDARD

[Global flags]
     intx CICompilerCount                          = 4                                         {product} {ergonomic}
     uint ConcGCThreads                            = 2                                         {product} {ergonomic}
     uint G1ConcRefinementThreads                  = 8                                         {product} {ergonomic}
   size_t G1HeapRegionSize                         = 1048576                                   {product} {ergonomic}
    uintx GCDrainStackTargetSize                   = 64                                        {product} {ergonomic}
   size_t InitialHeapSize                          = 132120576                                 {product} {ergonomic}
   size_t MarkStackSize                            = 4194304                                   {product} {ergonomic}
   size_t MaxHeapSize                              = 2109734912                                {product} {ergonomic}
   size_t MinHeapDeltaBytes                        = 1048576                                   {product} {ergonomic}
   size_t MinHeapSize                              = 8388608                                   {product} {ergonomic}
    uintx NonNMethodCodeHeapSize                   = 5839372                                {pd product} {ergonomic}
    uintx NonProfiledCodeHeapSize                  = 122909434                              {pd product} {ergonomic}
    uintx ProfiledCodeHeapSize                     = 122909434                              {pd product} {ergonomic}
    uintx ReservedCodeCacheSize                    = 251658240                              {pd product} {ergonomic}
     bool SegmentedCodeCache                       = true                                      {product} {ergonomic}
   size_t SoftMaxHeapSize                          = 2109734912                             {manageable} {ergonomic}
     bool UseCompressedClassPointers               = true                           {product lp64_product} {ergonomic}
     bool UseCompressedOops                        = true                           {product lp64_product} {ergonomic}
     bool UseG1GC                                  = true                                      {product} {ergonomic}
     bool UseLargePagesIndividualAllocation        = false                                  {pd product} {ergonomic}

Logging:
Log output configuration:
 #0: stdout all=warning uptime,level,tags foldmultilines=false
 #1: stderr all=off uptime,level,tags foldmultilines=false

Environment Variables:
PATH=C:\Program Files\Common Files\Oracle\Java\javapath;C:\Windows\system32;C:\Windows;C:\Windows\System32\Wbem;C:\Windows\System32\WindowsPowerShell\v1.0\;C:\Windows\System32\OpenSSH\;C:\Program Files (x86)\NVIDIA Corporation\PhysX\Common;C:\Program Files\Intel\WiFi\bin\;C:\Program Files\Common Files\Intel\WirelessCommon\;C:\WINDOWS\system32;C:\WINDOWS;C:\WINDOWS\System32\Wbem;C:\WINDOWS\System32\WindowsPowerShell\v1.0\;C:\WINDOWS\System32\OpenSSH\;C:\Program Files (x86)\Windows Kits\8.1\Windows Performance Toolkit\;C:\Users\Ploy\AppData\Local\Microsoft\WindowsApps;C:\Users\Ploy\AppData\Local\Programs\Microsoft VS Code\bin;C:\Users\Ploy\AppData\Local\GitHubDesktop\bin
USERNAME=Ploy
OS=Windows_NT
PROCESSOR_IDENTIFIER=Intel64 Family 6 Model 142 Stepping 11, GenuineIntel
TMP=C:\Users\Ploy\AppData\Local\Temp
TEMP=C:\Users\Ploy\AppData\Local\Temp




---------------  S Y S T E M  ---------------

OS:
 Windows 11 , 64 bit Build 22621 (10.0.22621.1485)
OS uptime: 14 days 20:26 hours

CPU: total 8 (initial active 8) (4 cores per cpu, 2 threads per core) family 6 model 142 stepping 11 microcode 0xde, cx8, cmov, fxsr, ht, mmx, 3dnowpref, sse, sse2, sse3, ssse3, sse4.1, sse4.2, popcnt, lzcnt, tsc, tscinvbit, avx, avx2, aes, erms, clmul, bmi1, bmi2, adx, fma, vzeroupper, clflush, clflushopt, rdtscp, f16c

Memory: 4k page, system-wide physical 8043M (468M free)
TotalPageFile size 20305M (AvailPageFile size 60M)
current process WorkingSet (physical memory assigned to process): 11M, peak: 11M
current process commit charge ("private bytes"): 60M, peak: 186M

vm_info: Java HotSpot(TM) 64-Bit Server VM (20.0.1+9-29) for windows-amd64 JRE (20.0.1+9-29), built on 2023-03-07T13:56:11Z by "mach5one" with MS VC++ 17.1 (VS2022)

END.
